<?xml version="1.0" encoding="UTF-8"?>
<testsuite xmlns:xsi="http://www.w3.org/2001/XMLSchema-instance" xsi:noNamespaceSchemaLocation="https://maven.apache.org/surefire/maven-surefire-plugin/xsd/surefire-test-report-3.0.xsd" version="3.0" name="com.lucasb.batchwatch.BatchWatchTest" time="0.355" tests="5" errors="0" skipped="0" failures="0">
  <properties>
[...]
</properties>
  <testcase name="alwaysOkJobReturnsSuccess" classname="com.lucasb.batchwatch.BatchWatchTest" time="0.28">
    <system-err><![CDATA[SLF4J: Failed to load class "org.slf4j.impl.StaticLoggerBinder".
SLF4J: Defaulting to no-operation (NOP) logger implementation
SLF4J: See http://www.slf4j.org/codes.html#StaticLoggerBinder for further details.
]]></system-err>
  </testcase>
  <testcase name="badDataJobThrowsException" classname="com.lucasb.batchwatch.BatchWatchTest" time="0.009"/>
  <testcase name="failedStatusIsRecorded" classname="com.lucasb.batchwatch.BatchWatchTest" time="0.014"/>
  <testcase name="diagnosticSelectFindsBadData" classname="com.lucasb.batchwatch.BatchWatchTest" time="0.004"/>
  <testcase name="schedulerPicksUpDueJob" classname="com.lucasb.batchwatch.BatchWatchTest" time="0.014"/>
</testsuite>